* using log directory ‘/home/m/Dropbox/baRulho/baRulho.Rcheck’
* using R version 3.6.1 (2019-07-05)
* using platform: x86_64-pc-linux-gnu (64-bit)
* using session charset: UTF-8
* using option ‘--as-cran’
* checking for file ‘baRulho/DESCRIPTION’ ... OK
* checking extension type ... Package
* this is package ‘baRulho’ version ‘1.0.0’
* checking CRAN incoming feasibility ... NOTE
Maintainer: ‘Marcelo Araya-Salas <marceloa27@gmail.com>’

New submission

The build time stamp is missing.
* checking package namespace information ... OK
* checking package dependencies ... OK
* checking if this is a source package ... OK
* checking if there is a namespace ... OK
* checking for executable files ... OK
* checking for hidden files and directories ... NOTE
Found the following hidden files and directories:
  .Rhistory
  .gitignore
  .Rproj.user
  .git
These were most likely included in error. See section ‘Package
structure’ in the ‘Writing R Extensions’ manual.

CRAN-pack does not know about
  .git
* checking for portable file names ... NOTE
Found the following non-portable file paths:
  baRulho/.Rproj.user/shared/notebooks/82F16E59-testing-checking warbleR function nov-16/1/773A70947598DB37/chunks.json
  baRulho/.Rproj.user/shared/notebooks/988A10FB-testing-checking baRulho function oct-19/1/773A709439331759/chunks.json
  baRulho/.Rproj.user/shared/notebooks/988A10FB-testing-checking baRulho function oct-19/1/773A70943A0DE29A/chunks.json
  baRulho/.Rproj.user/shared/notebooks/988A10FB-testing-checking baRulho function oct-19/1/773A709447F49319/chunks.json
  baRulho/.Rproj.user/shared/notebooks/988A10FB-testing-checking baRulho function oct-19/1/773A709449923393/chunks.json
  baRulho/.Rproj.user/shared/notebooks/988A10FB-testing-checking baRulho function oct-19/1/773A70945708B3B2/chunks.json
  baRulho/.Rproj.user/shared/notebooks/988A10FB-testing-checking baRulho function oct-19/1/773A709475396448/chunks.json
  baRulho/.Rproj.user/shared/notebooks/988A10FB-testing-checking baRulho function oct-19/1/773A70947A3D8167/chunks.json
  baRulho/.Rproj.user/shared/notebooks/988A10FB-testing-checking baRulho function oct-19/1/773A70949346FBDF/chunks.json
  baRulho/.Rproj.user/shared/notebooks/988A10FB-testing-checking baRulho function oct-19/1/773A7094AADF5C67/chunks.json
  baRulho/.Rproj.user/shared/notebooks/988A10FB-testing-checking baRulho function oct-19/1/773A7094AD673C51/chunks.json
  baRulho/.Rproj.user/shared/notebooks/988A10FB-testing-checking baRulho function oct-19/1/773A7094B5EB03E5/chunks.json
  baRulho/.Rproj.user/shared/notebooks/988A10FB-testing-checking baRulho function oct-19/1/773A7094BC241D3F/chunks.json
  baRulho/.Rproj.user/shared/notebooks/988A10FB-testing-checking baRulho function oct-19/1/773A7094C5BF8C73/chunks.json
  baRulho/.Rproj.user/shared/notebooks/988A10FB-testing-checking baRulho function oct-19/1/773A7094F78D35F9/chunks.json
  baRulho/.Rproj.user/shared/notebooks/988A10FB-testing-checking baRulho function oct-19/1/773A7094FEA36F9D/chunks.json
  baRulho/.Rproj.user/shared/notebooks/988A10FB-testing-checking baRulho function oct-19/1/s/chunks.json
  baRulho/.Rproj.user/shared/notebooks/82F16E59-testing-checking warbleR function nov-16/1/773A70947598DB37
  baRulho/.Rproj.user/shared/notebooks/988A10FB-testing-checking baRulho function oct-19/1/773A709439331759
  baRulho/.Rproj.user/shared/notebooks/988A10FB-testing-checking baRulho function oct-19/1/773A70943A0DE29A
  baRulho/.Rproj.user/shared/notebooks/988A10FB-testing-checking baRulho function oct-19/1/773A709447F49319
  baRulho/.Rproj.user/shared/notebooks/988A10FB-testing-checking baRulho function oct-19/1/773A709449923393
  baRulho/.Rproj.user/shared/notebooks/988A10FB-testing-checking baRulho function oct-19/1/773A70945708B3B2
  baRulho/.Rproj.user/shared/notebooks/988A10FB-testing-checking baRulho function oct-19/1/773A709475396448
  baRulho/.Rproj.user/shared/notebooks/988A10FB-testing-checking baRulho function oct-19/1/773A70947A3D8167
  baRulho/.Rproj.user/shared/notebooks/988A10FB-testing-checking baRulho function oct-19/1/773A70949346FBDF
  baRulho/.Rproj.user/shared/notebooks/988A10FB-testing-checking baRulho function oct-19/1/773A7094AADF5C67
  baRulho/.Rproj.user/shared/notebooks/988A10FB-testing-checking baRulho function oct-19/1/773A7094AD673C51
  baRulho/.Rproj.user/shared/notebooks/988A10FB-testing-checking baRulho function oct-19/1/773A7094B5EB03E5
  baRulho/.Rproj.user/shared/notebooks/988A10FB-testing-checking baRulho function oct-19/1/773A7094BC241D3F
  baRulho/.Rproj.user/shared/notebooks/988A10FB-testing-checking baRulho function oct-19/1/773A7094C5BF8C73
  baRulho/.Rproj.user/shared/notebooks/988A10FB-testing-checking baRulho function oct-19/1/773A7094F78D35F9
  baRulho/.Rproj.user/shared/notebooks/988A10FB-testing-checking baRulho function oct-19/1/773A7094FEA36F9D

Tarballs are only required to store paths of up to 100 bytes and cannot
store those of more than 256 bytes, with restrictions including to 100
bytes for the final component.
See section ‘Package structure’ in the ‘Writing R Extensions’ manual.
* checking for sufficient/correct file permissions ... OK
* checking serialization versions ... WARNING
Found file(s) with version 3 serialization:
  ‘data/playback_est.rda’
Such files are only readable in R >= 3.5.0.
Recreate them with R < 3.5.0 or save(version = 2) or saveRDS(version =
2) as appropriate
* checking whether package ‘baRulho’ can be installed ... OK
* checking installed package size ... OK
* checking package directory ... OK
* checking for future file timestamps ... OK
* checking DESCRIPTION meta-information ... NOTE
Checking should be performed on sources prepared by ‘R CMD build’.
* checking top-level files ... NOTE
Files ‘README.md’ or ‘NEWS.md’ cannot be checked without ‘pandoc’ being installed.
Non-standard files/directories found at top level:
  ‘baRulho.Rcheck’ ‘baRulho.Rproj’ ‘docs’
* checking for left-over files ... OK
* checking index information ... OK
* checking package subdirectories ... WARNING
Found the following directory with the name of a check directory:
  ./baRulho.Rcheck
Most likely, these were included erroneously.
Found the following directory with the name of a version control directory:
  ./.git
These should not be in a package tarball.
Found the following CITATION file in a non-standard place:
  baRulho.Rcheck/baRulho/CITATION
Most likely ‘inst/CITATION’ should be used instead.
* checking R files for non-ASCII characters ... OK
* checking R files for syntax errors ... OK
* checking whether the package can be loaded ... OK
* checking whether the package can be loaded with stated dependencies ... OK
* checking whether the package can be unloaded cleanly ... OK
* checking whether the namespace can be loaded with stated dependencies ... OK
* checking whether the namespace can be unloaded cleanly ... OK
* checking loading without being on the library search path ... OK
* checking use of S3 registration ... OK
* checking dependencies in R code ... OK
* checking S3 generic/method consistency ... OK
* checking replacement functions ... OK
* checking foreign function calls ... OK
* checking R code for possible problems ... OK
* checking Rd files ... OK
* checking Rd metadata ... OK
* checking Rd line widths ... OK
* checking Rd cross-references ... OK
* checking for missing documentation entries ... OK
* checking for code/documentation mismatches ... OK
* checking Rd \usage sections ... OK
* checking Rd contents ... OK
* checking for unstated dependencies in examples ... OK
* checking contents of ‘data’ directory ... OK
* checking data for non-ASCII characters ... OK
* checking data for ASCII and uncompressed saves ... WARNING
  
  Note: significantly better compression could be obtained
        by using R CMD build --resave-data
                   old_size new_size compress
  playback_est.rda    1.1Mb    871Kb       xz
* checking examples ... OK
* checking PDF version of manual ... OK
* DONE
Status: 3 WARNINGs, 5 NOTEs
